<?xml version="1.0" encoding="UTF-8"?>
<testsuites name="jest tests" tests="6" failures="1" errors="0" time="1.918">
  <testsuite name="Weather Alerts App - Input clearing" errors="0" failures="1" skipped="0" timestamp="2026-04-27T04:13:19" time="1.156" tests="6">
    <testcase classname="Weather Alerts App - Input clearing calls fetch with the correct state in the URL" name="Weather Alerts App - Input clearing calls fetch with the correct state in the URL" time="0.212">
    </testcase>
    <testcase classname="Weather Alerts App - Input clearing displays fetched alert data in the DOM after a successful fetch" name="Weather Alerts App - Input clearing displays fetched alert data in the DOM after a successful fetch" time="0.079">
    </testcase>
    <testcase classname="Weather Alerts App - Input clearing clears the input field after clicking fetch" name="Weather Alerts App - Input clearing clears the input field after clicking fetch" time="0.061">
    </testcase>
    <testcase classname="Weather Alerts App - Input clearing displays an error message when fetch fails" name="Weather Alerts App - Input clearing displays an error message when fetch fails" time="0.063">
    </testcase>
    <testcase classname="Weather Alerts App - Input clearing clears the error message after a successful fetch" name="Weather Alerts App - Input clearing clears the error message after a successful fetch" time="0.048">
    </testcase>
    <testcase classname=" deliberate failure - CI pipeline proof" name=" deliberate failure - CI pipeline proof" time="0.004">
      <failure>Error: expect(received).toBe(expected) // Object.is equality

Expected: 3
Received: 2
    at Object.toBe (/home/erick/devops/kijani-kiosk/week5/apis-fetch-lab/test/index.test.js:207:16)
    at Promise.then.completed (/home/erick/devops/kijani-kiosk/week5/apis-fetch-lab/node_modules/jest-circus/build/utils.js:298:28)
    at new Promise (&lt;anonymous&gt;)
    at callAsyncCircusFn (/home/erick/devops/kijani-kiosk/week5/apis-fetch-lab/node_modules/jest-circus/build/utils.js:231:10)
    at _callCircusTest (/home/erick/devops/kijani-kiosk/week5/apis-fetch-lab/node_modules/jest-circus/build/run.js:316:40)
    at _runTest (/home/erick/devops/kijani-kiosk/week5/apis-fetch-lab/node_modules/jest-circus/build/run.js:252:3)
    at _runTestsForDescribeBlock (/home/erick/devops/kijani-kiosk/week5/apis-fetch-lab/node_modules/jest-circus/build/run.js:126:9)
    at run (/home/erick/devops/kijani-kiosk/week5/apis-fetch-lab/node_modules/jest-circus/build/run.js:71:3)
    at runAndTransformResultsToJestFormat (/home/erick/devops/kijani-kiosk/week5/apis-fetch-lab/node_modules/jest-circus/build/legacy-code-todo-rewrite/jestAdapterInit.js:122:21)
    at jestAdapter (/home/erick/devops/kijani-kiosk/week5/apis-fetch-lab/node_modules/jest-circus/build/legacy-code-todo-rewrite/jestAdapter.js:79:19)
    at runTestInternal (/home/erick/devops/kijani-kiosk/week5/apis-fetch-lab/node_modules/jest-runner/build/runTest.js:367:16)
    at runTest (/home/erick/devops/kijani-kiosk/week5/apis-fetch-lab/node_modules/jest-runner/build/runTest.js:444:34)</failure>
    </testcase>
  </testsuite>
</testsuites>